<?xml version="1.0" encoding="UTF-8"?>
<!-- Generated by org.testng.reporters.JUnitXMLReporter -->
<testsuite ignored="0" hostname="Hamzas-MacBook-Air.local" failures="1" tests="1" name="Test" time="54.548" errors="0" timestamp="2023-01-08T14:19:52 PKT">
  <testcase classname="com.heeradigital.testcases.HD_LOGIN_Test" name="loginApp" time="54.465">
    <failure type="org.openqa.selenium.ElementClickInterceptedException" message="element click intercepted: Element &amp;lt;div class=&amp;quot;flex-center gap-2&amp;quot;&amp;gt;...&amp;lt;/div&amp;gt; is not clickable at point (720, 619). Other element would receive the click: &amp;lt;iframe title=&amp;quot;recaptcha challenge expires in two minutes&amp;quot; src=&amp;quot;https://www.google.com/recaptcha/api2/bframe?hl=en&amp;amp;amp;v=5qcenVbrhOy8zihcc2aHOWD4&amp;amp;amp;k=6Lcqc7AfAAAAAPGn61jQPLlUYjWwrEJAV98j1vv2&amp;quot; name=&amp;quot;c-gkxnlw3zwwhr&amp;quot; frameborder=&amp;quot;0&amp;quot; scrolling=&amp;quot;no&amp;quot; sandbox=&amp;quot;allow-forms allow-popups allow-same-origin allow-scripts allow-top-navigation allow-modals allow-popups-to-escape-sandbox&amp;quot; style=&amp;quot;width: 400px; height: 580px;&amp;quot;&amp;gt;&amp;lt;/iframe&amp;gt;
  (Session info: chrome=108.0.5359.124)
Build info: version: &amp;apos;4.4.0&amp;apos;, revision: &amp;apos;e5c75ed026a&amp;apos;
System info: host: &amp;apos;Hamzas-MacBook-Air.local&amp;apos;, ip: &amp;apos;fe80:0:0:0:147b:af57:b5f5:ac85%en0&amp;apos;, os.name: &amp;apos;Mac OS X&amp;apos;, os.arch: &amp;apos;x86_64&amp;apos;, os.version: &amp;apos;11.5.2&amp;apos;, java.version: &amp;apos;17.0.5&amp;apos;
Driver info: org.openqa.selenium.chrome.ChromeDriver
Command: [eaca9f599061ac210062e14d3741f75b, clickElement {id=fa7c8c48-e7a4-4b90-a594-d466670b57e8}]
Capabilities {acceptInsecureCerts: false, browserName: chrome, browserVersion: 108.0.5359.124, chrome: {chromedriverVersion: 108.0.5359.71 (1e0e3868ee06..., userDataDir: /var/folders/ks/wynnqrpx0l3...}, goog:chromeOptions: {debuggerAddress: localhost:63509}, networkConnectionEnabled: false, pageLoadStrategy: normal, platformName: MAC, proxy: Proxy(), se:cdp: ws://localhost:63509/devtoo..., se:cdpVersion: 108.0.5359.124, setWindowRect: true, strictFileInteractability: false, timeouts: {implicit: 0, pageLoad: 300000, script: 30000}, unhandledPromptBehavior: dismiss and notify, webauthn:extension:credBlob: true, webauthn:extension:largeBlob: true, webauthn:virtualAuthenticators: true}
Element: [[ChromeDriver: chrome on MAC (eaca9f599061ac210062e14d3741f75b)] -&amp;gt; xpath: /html/body/div[1]/div[2]/div/div/form/div[5]/button/div]
Session ID: eaca9f599061ac210062e14d3741f75b">
      <![CDATA[org.openqa.selenium.ElementClickInterceptedException: element click intercepted: Element <div class="flex-center gap-2">...</div> is not clickable at point (720, 619). Other element would receive the click: <iframe title="recaptcha challenge expires in two minutes" src="https://www.google.com/recaptcha/api2/bframe?hl=en&amp;v=5qcenVbrhOy8zihcc2aHOWD4&amp;k=6Lcqc7AfAAAAAPGn61jQPLlUYjWwrEJAV98j1vv2" name="c-gkxnlw3zwwhr" frameborder="0" scrolling="no" sandbox="allow-forms allow-popups allow-same-origin allow-scripts allow-top-navigation allow-modals allow-popups-to-escape-sandbox" style="width: 400px; height: 580px;"></iframe>
  (Session info: chrome=108.0.5359.124)
Build info: version: '4.4.0', revision: 'e5c75ed026a'
System info: host: 'Hamzas-MacBook-Air.local', ip: 'fe80:0:0:0:147b:af57:b5f5:ac85%en0', os.name: 'Mac OS X', os.arch: 'x86_64', os.version: '11.5.2', java.version: '17.0.5'
Driver info: org.openqa.selenium.chrome.ChromeDriver
Command: [eaca9f599061ac210062e14d3741f75b, clickElement {id=fa7c8c48-e7a4-4b90-a594-d466670b57e8}]
Capabilities {acceptInsecureCerts: false, browserName: chrome, browserVersion: 108.0.5359.124, chrome: {chromedriverVersion: 108.0.5359.71 (1e0e3868ee06..., userDataDir: /var/folders/ks/wynnqrpx0l3...}, goog:chromeOptions: {debuggerAddress: localhost:63509}, networkConnectionEnabled: false, pageLoadStrategy: normal, platformName: MAC, proxy: Proxy(), se:cdp: ws://localhost:63509/devtoo..., se:cdpVersion: 108.0.5359.124, setWindowRect: true, strictFileInteractability: false, timeouts: {implicit: 0, pageLoad: 300000, script: 30000}, unhandledPromptBehavior: dismiss and notify, webauthn:extension:credBlob: true, webauthn:extension:largeBlob: true, webauthn:virtualAuthenticators: true}
Element: [[ChromeDriver: chrome on MAC (eaca9f599061ac210062e14d3741f75b)] -> xpath: /html/body/div[1]/div[2]/div/div/form/div[5]/button/div]
Session ID: eaca9f599061ac210062e14d3741f75b
at org.openqa.selenium.remote.codec.w3c.W3CHttpResponseCodec.createException(W3CHttpResponseCodec.java:200)
at org.openqa.selenium.remote.codec.w3c.W3CHttpResponseCodec.decode(W3CHttpResponseCodec.java:133)
at org.openqa.selenium.remote.codec.w3c.W3CHttpResponseCodec.decode(W3CHttpResponseCodec.java:53)
at org.openqa.selenium.remote.HttpCommandExecutor.execute(HttpCommandExecutor.java:184)
at org.openqa.selenium.remote.service.DriverCommandExecutor.invokeExecute(DriverCommandExecutor.java:167)
at org.openqa.selenium.remote.service.DriverCommandExecutor.execute(DriverCommandExecutor.java:142)
at org.openqa.selenium.remote.RemoteWebDriver.execute(RemoteWebDriver.java:547)
at org.openqa.selenium.remote.RemoteWebElement.execute(RemoteWebElement.java:257)
at org.openqa.selenium.remote.RemoteWebElement.click(RemoteWebElement.java:78)
at org.openqa.selenium.support.pagefactory.internal.LocatingElementHandler.invoke(LocatingElementHandler.java:52)
at jdk.proxy2/jdk.proxy2.$Proxy15.click(Unknown Source)
at com.heeradigital.pages.LoginPage.logintoHeeraDigital(LoginPage.java:35)
at com.heeradigital.testcases.HD_LOGIN_Test.loginApp(HD_LOGIN_Test.java:19)
at java.base/java.util.ArrayList.forEach(ArrayList.java:1511)
... Removed 36 stack frames]]>
    </failure>
  </testcase> <!-- loginApp -->
</testsuite> <!-- Test -->
