<?xml version="1.0" encoding="UTF-8"?>
<testng-results ignored="0" total="1" passed="0" failed="1" skipped="0">
  <reporter-output>
  </reporter-output>
  <suite started-at="2023-01-08T20:00:14 PKT" name="Default suite" finished-at="2023-01-08T20:01:17 PKT" duration-ms="62753">
    <groups>
    </groups>
    <test started-at="2023-01-08T20:00:14 PKT" name="Default test" finished-at="2023-01-08T20:01:17 PKT" duration-ms="62753">
      <class name="com.heeradigital.testcases.HD_LOGIN_Test">
        <test-method is-config="true" signature="setUpSuite()[pri:0, instance:com.heeradigital.testcases.HD_LOGIN_Test@3e8c3cb]" started-at="2023-01-08T20:00:14 PKT" name="setUpSuite" finished-at="2023-01-08T20:00:14 PKT" duration-ms="54" status="PASS">
          <reporter-output>
          </reporter-output>
        </test-method> <!-- setUpSuite -->
        <test-method signature="loginApp()[pri:0, instance:com.heeradigital.testcases.HD_LOGIN_Test@3e8c3cb]" started-at="2023-01-08T20:00:14 PKT" name="loginApp" finished-at="2023-01-08T20:01:16 PKT" duration-ms="61773" status="FAIL">
          <exception class="org.openqa.selenium.ElementClickInterceptedException">
            <message>
              <![CDATA[element click intercepted: Element <div class="flex-center gap-2">...</div> is not clickable at point (720, 619). Other element would receive the click: <iframe title="recaptcha challenge expires in two minutes" src="https://www.google.com/recaptcha/api2/bframe?hl=en&amp;v=5qcenVbrhOy8zihcc2aHOWD4&amp;k=6Lcqc7AfAAAAAPGn61jQPLlUYjWwrEJAV98j1vv2" name="c-vvncw0bcorjz" frameborder="0" scrolling="no" sandbox="allow-forms allow-popups allow-same-origin allow-scripts allow-top-navigation allow-modals allow-popups-to-escape-sandbox" style="width: 400px; height: 580px;"></iframe>
  (Session info: chrome=108.0.5359.124)
Build info: version: '4.4.0', revision: 'e5c75ed026a'
System info: host: 'Hamzas-MacBook-Air.local', ip: 'fe80:0:0:0:147b:af57:b5f5:ac85%en0', os.name: 'Mac OS X', os.arch: 'x86_64', os.version: '11.5.2', java.version: '17.0.5'
Driver info: org.openqa.selenium.chrome.ChromeDriver
Command: [11e6ffbd8d87554e80f112fdb1b58c8f, clickElement {id=03b86fb1-1684-492e-9a68-253c98700354}]
Capabilities {acceptInsecureCerts: false, browserName: chrome, browserVersion: 108.0.5359.124, chrome: {chromedriverVersion: 108.0.5359.71 (1e0e3868ee06..., userDataDir: /var/folders/ks/wynnqrpx0l3...}, goog:chromeOptions: {debuggerAddress: localhost:57756}, networkConnectionEnabled: false, pageLoadStrategy: normal, platformName: MAC, proxy: Proxy(), se:cdp: ws://localhost:57756/devtoo..., se:cdpVersion: 108.0.5359.124, setWindowRect: true, strictFileInteractability: false, timeouts: {implicit: 0, pageLoad: 300000, script: 30000}, unhandledPromptBehavior: dismiss and notify, webauthn:extension:credBlob: true, webauthn:extension:largeBlob: true, webauthn:virtualAuthenticators: true}
Element: [[ChromeDriver: chrome on MAC (11e6ffbd8d87554e80f112fdb1b58c8f)] -> xpath: /html/body/div[1]/div[2]/div/div/form/div[5]/button/div]
Session ID: 11e6ffbd8d87554e80f112fdb1b58c8f]]>
            </message>
            <full-stacktrace>
              <![CDATA[org.openqa.selenium.ElementClickInterceptedException: element click intercepted: Element <div class="flex-center gap-2">...</div> is not clickable at point (720, 619). Other element would receive the click: <iframe title="recaptcha challenge expires in two minutes" src="https://www.google.com/recaptcha/api2/bframe?hl=en&amp;v=5qcenVbrhOy8zihcc2aHOWD4&amp;k=6Lcqc7AfAAAAAPGn61jQPLlUYjWwrEJAV98j1vv2" name="c-vvncw0bcorjz" frameborder="0" scrolling="no" sandbox="allow-forms allow-popups allow-same-origin allow-scripts allow-top-navigation allow-modals allow-popups-to-escape-sandbox" style="width: 400px; height: 580px;"></iframe>
  (Session info: chrome=108.0.5359.124)
Build info: version: '4.4.0', revision: 'e5c75ed026a'
System info: host: 'Hamzas-MacBook-Air.local', ip: 'fe80:0:0:0:147b:af57:b5f5:ac85%en0', os.name: 'Mac OS X', os.arch: 'x86_64', os.version: '11.5.2', java.version: '17.0.5'
Driver info: org.openqa.selenium.chrome.ChromeDriver
Command: [11e6ffbd8d87554e80f112fdb1b58c8f, clickElement {id=03b86fb1-1684-492e-9a68-253c98700354}]
Capabilities {acceptInsecureCerts: false, browserName: chrome, browserVersion: 108.0.5359.124, chrome: {chromedriverVersion: 108.0.5359.71 (1e0e3868ee06..., userDataDir: /var/folders/ks/wynnqrpx0l3...}, goog:chromeOptions: {debuggerAddress: localhost:57756}, networkConnectionEnabled: false, pageLoadStrategy: normal, platformName: MAC, proxy: Proxy(), se:cdp: ws://localhost:57756/devtoo..., se:cdpVersion: 108.0.5359.124, setWindowRect: true, strictFileInteractability: false, timeouts: {implicit: 0, pageLoad: 300000, script: 30000}, unhandledPromptBehavior: dismiss and notify, webauthn:extension:credBlob: true, webauthn:extension:largeBlob: true, webauthn:virtualAuthenticators: true}
Element: [[ChromeDriver: chrome on MAC (11e6ffbd8d87554e80f112fdb1b58c8f)] -> xpath: /html/body/div[1]/div[2]/div/div/form/div[5]/button/div]
Session ID: 11e6ffbd8d87554e80f112fdb1b58c8f
at java.base/jdk.internal.reflect.NativeConstructorAccessorImpl.newInstance0(Native Method)
at java.base/jdk.internal.reflect.NativeConstructorAccessorImpl.newInstance(NativeConstructorAccessorImpl.java:77)
at java.base/jdk.internal.reflect.DelegatingConstructorAccessorImpl.newInstance(DelegatingConstructorAccessorImpl.java:45)
at java.base/java.lang.reflect.Constructor.newInstanceWithCaller(Constructor.java:499)
at java.base/java.lang.reflect.Constructor.newInstance(Constructor.java:480)
at org.openqa.selenium.remote.codec.w3c.W3CHttpResponseCodec.createException(W3CHttpResponseCodec.java:200)
at org.openqa.selenium.remote.codec.w3c.W3CHttpResponseCodec.decode(W3CHttpResponseCodec.java:133)
at org.openqa.selenium.remote.codec.w3c.W3CHttpResponseCodec.decode(W3CHttpResponseCodec.java:53)
at org.openqa.selenium.remote.HttpCommandExecutor.execute(HttpCommandExecutor.java:184)
at org.openqa.selenium.remote.service.DriverCommandExecutor.invokeExecute(DriverCommandExecutor.java:167)
at org.openqa.selenium.remote.service.DriverCommandExecutor.execute(DriverCommandExecutor.java:142)
at org.openqa.selenium.remote.RemoteWebDriver.execute(RemoteWebDriver.java:547)
at org.openqa.selenium.remote.RemoteWebElement.execute(RemoteWebElement.java:257)
at org.openqa.selenium.remote.RemoteWebElement.click(RemoteWebElement.java:78)
at java.base/jdk.internal.reflect.NativeMethodAccessorImpl.invoke0(Native Method)
at java.base/jdk.internal.reflect.NativeMethodAccessorImpl.invoke(NativeMethodAccessorImpl.java:77)
at java.base/jdk.internal.reflect.DelegatingMethodAccessorImpl.invoke(DelegatingMethodAccessorImpl.java:43)
at java.base/java.lang.reflect.Method.invoke(Method.java:568)
at org.openqa.selenium.support.pagefactory.internal.LocatingElementHandler.invoke(LocatingElementHandler.java:52)
at jdk.proxy2/jdk.proxy2.$Proxy17.click(Unknown Source)
at com.heeradigital.pages.LoginPage.logintoHeeraDigital(LoginPage.java:35)
at com.heeradigital.testcases.HD_LOGIN_Test.loginApp(HD_LOGIN_Test.java:25)
at java.base/jdk.internal.reflect.NativeMethodAccessorImpl.invoke0(Native Method)
at java.base/jdk.internal.reflect.NativeMethodAccessorImpl.invoke(NativeMethodAccessorImpl.java:77)
at java.base/jdk.internal.reflect.DelegatingMethodAccessorImpl.invoke(DelegatingMethodAccessorImpl.java:43)
at java.base/java.lang.reflect.Method.invoke(Method.java:568)
at org.testng.internal.invokers.MethodInvocationHelper.invokeMethod(MethodInvocationHelper.java:139)
at org.testng.internal.invokers.TestInvoker.invokeMethod(TestInvoker.java:677)
at org.testng.internal.invokers.TestInvoker.invokeTestMethod(TestInvoker.java:221)
at org.testng.internal.invokers.MethodRunner.runInSequence(MethodRunner.java:50)
at org.testng.internal.invokers.TestInvoker$MethodInvocationAgent.invoke(TestInvoker.java:969)
at org.testng.internal.invokers.TestInvoker.invokeTestMethods(TestInvoker.java:194)
at org.testng.internal.invokers.TestMethodWorker.invokeTestMethods(TestMethodWorker.java:148)
at org.testng.internal.invokers.TestMethodWorker.run(TestMethodWorker.java:128)
at java.base/java.util.ArrayList.forEach(ArrayList.java:1511)
at org.testng.TestRunner.privateRun(TestRunner.java:829)
at org.testng.TestRunner.run(TestRunner.java:602)
at org.testng.SuiteRunner.runTest(SuiteRunner.java:437)
at org.testng.SuiteRunner.runSequentially(SuiteRunner.java:431)
at org.testng.SuiteRunner.privateRun(SuiteRunner.java:391)
at org.testng.SuiteRunner.run(SuiteRunner.java:330)
at org.testng.SuiteRunnerWorker.runSuite(SuiteRunnerWorker.java:52)
at org.testng.SuiteRunnerWorker.run(SuiteRunnerWorker.java:95)
at org.testng.TestNG.runSuitesSequentially(TestNG.java:1256)
at org.testng.TestNG.runSuitesLocally(TestNG.java:1176)
at org.testng.TestNG.runSuites(TestNG.java:1099)
at org.testng.TestNG.run(TestNG.java:1067)
at org.testng.remote.AbstractRemoteTestNG.run(AbstractRemoteTestNG.java:115)
at org.testng.remote.RemoteTestNG.initAndRun(RemoteTestNG.java:251)
at org.testng.remote.RemoteTestNG.main(RemoteTestNG.java:77)
]]>
            </full-stacktrace>
          </exception> <!-- org.openqa.selenium.ElementClickInterceptedException -->
          <reporter-output>
          </reporter-output>
        </test-method> <!-- loginApp -->
        <test-method is-config="true" signature="tearDownMethod(org.testng.ITestResult)[pri:0, instance:com.heeradigital.testcases.HD_LOGIN_Test@3e8c3cb]" started-at="2023-01-08T20:01:16 PKT" name="tearDownMethod" finished-at="2023-01-08T20:01:17 PKT" duration-ms="875" status="PASS">
          <params>
            <param index="0">
              <value>
                <![CDATA[[TestResult name=loginApp status=FAILURE method=HD_LOGIN_Test.loginApp()[pri:0, instance:com.heeradigital.testcases.HD_LOGIN_Test@3e8c3cb] output={null}]]]>
              </value>
            </param>
          </params>
          <reporter-output>
          </reporter-output>
        </test-method> <!-- tearDownMethod -->
      </class> <!-- com.heeradigital.testcases.HD_LOGIN_Test -->
    </test> <!-- Default test -->
  </suite> <!-- Default suite -->
</testng-results>
